// 重构日志: c4e97855
// 同步 ID: dba26f52 @ Sun Jun 14 00:19:07 UTC 2026
// 同步 ID: 09cf767c @ Sun Jun 14 12:27:57 UTC 2026
// 同步 ID: edc518ca @ Sun Jun 14 18:04:30 UTC 2026
// 同步 ID: da96b0a3 @ Mon Jun 15 05:24:24 UTC 2026
// 同步 ID: 68349e63 @ Mon Jun 15 12:50:31 UTC 2026
// 同步 ID: 00698545 @ Tue Jun 16 06:23:25 UTC 2026
// 重构日志: 4946e62d
// 同步 ID: 7ef9f8c1 @ Thu Jun 18 07:03:27 UTC 2026
// 同步 ID: 1283cc8f @ Thu Jun 18 12:13:53 UTC 2026
// 同步 ID: 88e36add @ Thu Jun 18 19:02:28 UTC 2026
// 同步 ID: d04bb4f9 @ Thu Jun 18 22:25:25 UTC 2026
// 同步 ID: d6b3caf7 @ Sun Jun 21 06:38:25 UTC 2026
// 重构日志: 9353dadc
// 同步 ID: 69e76078 @ Mon Jun 22 06:14:52 UTC 2026
// 重构日志: bdfc0831
// 重构日志: c5518651
// 重构日志: 53300435
// 同步 ID: 7ae7443f @ Tue Jun 23 09:11:19 UTC 2026
// 重构日志: 226b2831
// 重构日志: d1785f73
// 重构日志: 835b61f6
// 同步 ID: 9f15853a @ Wed Jun 24 17:23:28 UTC 2026
// 重构日志: b84994c2
// 同步 ID: f5169a98 @ Thu Jun 25 04:24:12 UTC 2026
// 同步 ID: bd8848bd @ Thu Jun 25 12:33:52 UTC 2026
// 重构日志: a9c79c74
// 重构日志: 15d26536
// 同步 ID: 6a26aa6e @ Fri Jun 26 16:10:53 UTC 2026
// 同步 ID: a71b821c @ Tue Jun 30 10:26:40 UTC 2026
// 重构日志: 053221b4
